<?xml version="1.0" encoding="UTF-8"?>
<coverage generated="1764582049587" clover="3.2.0">
  <project timestamp="1764582049587" name="All files">
    <metrics statements="29" coveredstatements="29" conditionals="2" coveredconditionals="2" methods="9" coveredmethods="9" elements="40" coveredelements="40" complexity="0" loc="29" ncloc="29" packages="1" files="1" classes="1"/>
    <file name="test-helpers.ts" path="/Users/vasylsavchuk/online-shop/apps/services/order-service/test/test-helpers.ts">
      <metrics statements="29" coveredstatements="29" conditionals="2" coveredconditionals="2" methods="9" coveredmethods="9"/>
      <line num="1" count="1" type="stmt"/>
      <line num="2" count="1" type="stmt"/>
      <line num="9" count="1" type="stmt"/>
      <line num="10" count="1" type="cond" truecount="1" falsecount="0"/>
      <line num="11" count="1" type="stmt"/>
      <line num="12" count="1" type="stmt"/>
      <line num="14" count="1" type="stmt"/>
      <line num="17" count="1" type="stmt"/>
      <line num="18" count="1" type="stmt"/>
      <line num="20" count="1" type="stmt"/>
      <line num="21" count="1" type="cond" truecount="1" falsecount="0"/>
      <line num="22" count="1" type="stmt"/>
      <line num="26" count="1" type="stmt"/>
      <line num="27" count="46" type="stmt"/>
      <line num="28" count="46" type="stmt"/>
      <line num="29" count="46" type="stmt"/>
      <line num="30" count="46" type="stmt"/>
      <line num="34" count="68" type="stmt"/>
      <line num="64" count="1" type="stmt"/>
      <line num="105" count="1" type="stmt"/>
      <line num="131" count="1" type="stmt"/>
      <line num="133" count="14" type="stmt"/>
      <line num="134" count="14" type="stmt"/>
      <line num="135" count="14" type="stmt"/>
      <line num="138" count="1" type="stmt"/>
      <line num="139" count="4" type="stmt"/>
      <line num="140" count="4" type="stmt"/>
      <line num="141" count="12" type="stmt"/>
      <line num="143" count="4" type="stmt"/>
    </file>
  </project>
</coverage>
