{"/Users/vasylsavchuk/online-shop/apps/services/order-service/test/test-helpers.ts": {"path":"/Users/vasylsavchuk/online-shop/apps/services/order-service/test/test-helpers.ts","statementMap":{"0":{"start":{"line":1,"column":0},"end":{"line":1,"column":50}},"1":{"start":{"line":2,"column":0},"end":{"line":2,"column":58}},"2":{"start":{"line":9,"column":37},"end":{"line":15,"column":1}},"3":{"start":{"line":10,"column":2},"end":{"line":13,"column":3}},"4":{"start":{"line":11,"column":4},"end":{"line":11,"column":46}},"5":{"start":{"line":12,"column":4},"end":{"line":12,"column":31}},"6":{"start":{"line":14,"column":2},"end":{"line":14,"column":19}},"7":{"start":{"line":9,"column":13},"end":{"line":9,"column":37}},"8":{"start":{"line":17,"column":38},"end":{"line":18,"column":29}},"9":{"start":{"line":18,"column":2},"end":{"line":18,"column":29}},"10":{"start":{"line":17,"column":13},"end":{"line":17,"column":38}},"11":{"start":{"line":20,"column":39},"end":{"line":24,"column":1}},"12":{"start":{"line":21,"column":2},"end":{"line":23,"column":3}},"13":{"start":{"line":22,"column":4},"end":{"line":22,"column":24}},"14":{"start":{"line":20,"column":13},"end":{"line":20,"column":39}},"15":{"start":{"line":26,"column":29},"end":{"line":32,"column":1}},"16":{"start":{"line":27,"column":22},"end":{"line":27,"column":44}},"17":{"start":{"line":28,"column":2},"end":{"line":31,"column":3}},"18":{"start":{"line":29,"column":23},"end":{"line":29,"column":39}},"19":{"start":{"line":30,"column":4},"end":{"line":30,"column":36}},"20":{"start":{"line":26,"column":13},"end":{"line":26,"column":29}},"21":{"start":{"line":34,"column":31},"end":{"line":62,"column":2}},"22":{"start":{"line":34,"column":69},"end":{"line":62,"column":2}},"23":{"start":{"line":34,"column":13},"end":{"line":34,"column":31}},"24":{"start":{"line":64,"column":36},"end":{"line":103,"column":2}},"25":{"start":{"line":64,"column":74},"end":{"line":103,"column":2}},"26":{"start":{"line":64,"column":13},"end":{"line":64,"column":36}},"27":{"start":{"line":105,"column":34},"end":{"line":129,"column":2}},"28":{"start":{"line":105,"column":55},"end":{"line":129,"column":2}},"29":{"start":{"line":105,"column":13},"end":{"line":105,"column":34}},"30":{"start":{"line":131,"column":30},"end":{"line":136,"column":1}},"31":{"start":{"line":133,"column":20},"end":{"line":133,"column":62}},"32":{"start":{"line":134,"column":21},"end":{"line":134,"column":64}},"33":{"start":{"line":135,"column":2},"end":{"line":135,"column":67}},"34":{"start":{"line":131,"column":13},"end":{"line":131,"column":30}},"35":{"start":{"line":138,"column":39},"end":{"line":144,"column":1}},"36":{"start":{"line":139,"column":28},"end":{"line":139,"column":30}},"37":{"start":{"line":140,"column":2},"end":{"line":142,"column":3}},"38":{"start":{"line":140,"column":15},"end":{"line":140,"column":16}},"39":{"start":{"line":141,"column":4},"end":{"line":141,"column":35}},"40":{"start":{"line":143,"column":2},"end":{"line":143,"column":17}},"41":{"start":{"line":138,"column":13},"end":{"line":138,"column":39}}},"fnMap":{"0":{"name":"(anonymous_0)","decl":{"start":{"line":9,"column":37},"end":{"line":9,"column":42}},"loc":{"start":{"line":9,"column":48},"end":{"line":15,"column":1}}},"1":{"name":"(anonymous_1)","decl":{"start":{"line":17,"column":38},"end":{"line":17,"column":39}},"loc":{"start":{"line":18,"column":2},"end":{"line":18,"column":29}}},"2":{"name":"(anonymous_2)","decl":{"start":{"line":20,"column":39},"end":{"line":20,"column":44}},"loc":{"start":{"line":20,"column":50},"end":{"line":24,"column":1}}},"3":{"name":"(anonymous_3)","decl":{"start":{"line":26,"column":29},"end":{"line":26,"column":34}},"loc":{"start":{"line":26,"column":62},"end":{"line":32,"column":1}}},"4":{"name":"(anonymous_4)","decl":{"start":{"line":34,"column":31},"end":{"line":34,"column":32}},"loc":{"start":{"line":34,"column":69},"end":{"line":62,"column":2}}},"5":{"name":"(anonymous_5)","decl":{"start":{"line":64,"column":36},"end":{"line":64,"column":37}},"loc":{"start":{"line":64,"column":74},"end":{"line":103,"column":2}}},"6":{"name":"(anonymous_6)","decl":{"start":{"line":105,"column":34},"end":{"line":105,"column":35}},"loc":{"start":{"line":105,"column":55},"end":{"line":129,"column":2}}},"7":{"name":"(anonymous_7)","decl":{"start":{"line":131,"column":30},"end":{"line":131,"column":33}},"loc":{"start":{"line":131,"column":35},"end":{"line":136,"column":1}}},"8":{"name":"(anonymous_8)","decl":{"start":{"line":138,"column":39},"end":{"line":138,"column":40}},"loc":{"start":{"line":138,"column":57},"end":{"line":144,"column":1}}}},"branchMap":{"0":{"loc":{"start":{"line":10,"column":2},"end":{"line":13,"column":3}},"type":"if","locations":[{"start":{"line":10,"column":2},"end":{"line":13,"column":3}}]},"1":{"loc":{"start":{"line":21,"column":2},"end":{"line":23,"column":3}},"type":"if","locations":[{"start":{"line":21,"column":2},"end":{"line":23,"column":3}}]}},"s":{"0":1,"1":1,"2":1,"3":1,"4":1,"5":1,"6":1,"7":1,"8":1,"9":1,"10":1,"11":1,"12":1,"13":1,"14":1,"15":1,"16":46,"17":46,"18":46,"19":46,"20":1,"21":1,"22":68,"23":1,"24":1,"25":1,"26":1,"27":1,"28":1,"29":1,"30":1,"31":14,"32":14,"33":14,"34":1,"35":1,"36":4,"37":4,"38":4,"39":12,"40":4,"41":1},"f":{"0":1,"1":1,"2":1,"3":46,"4":68,"5":1,"6":1,"7":14,"8":4},"b":{"0":[1],"1":[1]}}
}
