TN:
SF:test/test-helpers.ts
FN:9,(anonymous_0)
FN:17,(anonymous_1)
FN:20,(anonymous_2)
FN:26,(anonymous_3)
FN:34,(anonymous_4)
FN:64,(anonymous_5)
FN:105,(anonymous_6)
FN:131,(anonymous_7)
FN:138,(anonymous_8)
FNF:9
FNH:9
FNDA:1,(anonymous_0)
FNDA:1,(anonymous_1)
FNDA:1,(anonymous_2)
FNDA:46,(anonymous_3)
FNDA:68,(anonymous_4)
FNDA:1,(anonymous_5)
FNDA:1,(anonymous_6)
FNDA:14,(anonymous_7)
FNDA:4,(anonymous_8)
DA:1,1
DA:2,1
DA:9,1
DA:10,1
DA:11,1
DA:12,1
DA:14,1
DA:17,1
DA:18,1
DA:20,1
DA:21,1
DA:22,1
DA:26,1
DA:27,46
DA:28,46
DA:29,46
DA:30,46
DA:34,68
DA:64,1
DA:105,1
DA:131,1
DA:133,14
DA:134,14
DA:135,14
DA:138,1
DA:139,4
DA:140,4
DA:141,12
DA:143,4
LF:29
LH:29
BRDA:10,0,0,1
BRDA:21,1,0,1
BRF:2
BRH:2
end_of_record
